<?xml version="1.0" encoding="UTF-8"?>
<!-- Generated by org.testng.reporters.JUnitReportReporter -->
<testsuite hostname="GDCIT-LAPT279" failures="0" tests="1" name="com.login.steps.LoginSteps_TestAutomation" time="15.112" errors="0" timestamp="2025-06-26T17:46:42 IST" skipped="0">
  <testcase classname="com.login.steps.LoginSteps_TestAutomation" name="browserUrl" time="15.112"/>
</testsuite> <!-- com.login.steps.LoginSteps_TestAutomation -->
