<?xml version="1.0" encoding="UTF-8"?>
<!-- Generated by org.testng.reporters.JUnitReportReporter -->
<testsuite hostname="GDCIT-LAPT279" failures="0" tests="1" name="com.runner.file.RunnerfileTestAutomation" time="28.885" errors="0" timestamp="2025-06-26T18:52:06 IST" skipped="0">
  <testcase classname="com.runner.file.RunnerfileTestAutomation" name="runScenario" time="28.885"/>
</testsuite> <!-- com.runner.file.RunnerfileTestAutomation -->
