<?xml version="1.0" encoding="UTF-8"?>
<!-- Generated by org.testng.reporters.JUnitReportReporter -->
<testsuite hostname="GDCIT-LAPT279" failures="0" tests="1" name="com.runner.file.runner_File" time="4.547" errors="0" timestamp="2025-06-11T12:39:54 IST" skipped="0">
  <testcase classname="com.runner.file.runner_File" name="runScenario" time="4.547"/>
</testsuite> <!-- com.runner.file.runner_File -->
